This is pdfTeX, Version 3.14159265-2.6-1.40.17 (TeX Live 2016) (preloaded format=pdflatex 2016.11.16)  21 JUN 2017 16:39
entering extended mode
 restricted \write18 enabled.
 %&-line parsing enabled.
**main.tex
(./main.tex
LaTeX2e <2016/03/31>
Babel <3.9r> and hyphenation patterns for 83 language(s) loaded.
(/usr/local/texlive/2016/texmf-dist/tex/latex/base/book.cls
Document Class: book 2014/09/29 v1.4h Standard LaTeX document class
(/usr/local/texlive/2016/texmf-dist/tex/latex/base/bk10.clo
File: bk10.clo 2014/09/29 v1.4h Standard LaTeX file (size option)
)
\c@part=\count79
\c@chapter=\count80
\c@section=\count81
\c@subsection=\count82
\c@subsubsection=\count83
\c@paragraph=\count84
\c@subparagraph=\count85
\c@figure=\count86
\c@table=\count87
\abovecaptionskip=\skip41
\belowcaptionskip=\skip42
\bibindent=\dimen102
)
(/usr/local/texlive/2016/texmf-dist/tex/latex/geometry/geometry.sty
Package: geometry 2010/09/12 v5.6 Page Geometry

(/usr/local/texlive/2016/texmf-dist/tex/latex/graphics/keyval.sty
Package: keyval 2014/10/28 v1.15 key=value parser (DPC)
\KV@toks@=\toks14
)
(/usr/local/texlive/2016/texmf-dist/tex/generic/oberdiek/ifpdf.sty
Package: ifpdf 2016/05/14 v3.1 Provides the ifpdf switch
)
(/usr/local/texlive/2016/texmf-dist/tex/generic/oberdiek/ifvtex.sty
Package: ifvtex 2016/05/16 v1.6 Detect VTeX and its facilities (HO)
Package ifvtex Info: VTeX not detected.
)
(/usr/local/texlive/2016/texmf-dist/tex/generic/ifxetex/ifxetex.sty
Package: ifxetex 2010/09/12 v0.6 Provides ifxetex conditional
)
\Gm@cnth=\count88
\Gm@cntv=\count89
\c@Gm@tempcnt=\count90
\Gm@bindingoffset=\dimen103
\Gm@wd@mp=\dimen104
\Gm@odd@mp=\dimen105
\Gm@even@mp=\dimen106
\Gm@layoutwidth=\dimen107
\Gm@layoutheight=\dimen108
\Gm@layouthoffset=\dimen109
\Gm@layoutvoffset=\dimen110
\Gm@dimlist=\toks15
)
(/usr/local/texlive/2016/texmf-dist/tex/latex/base/inputenc.sty
Package: inputenc 2015/03/17 v1.2c Input encoding file
\inpenc@prehook=\toks16
\inpenc@posthook=\toks17

(/usr/local/texlive/2016/texmf-dist/tex/latex/ucs/utf8x.def
File: utf8x.def 2004/10/17 UCS: Input encoding UTF-8
))
(/usr/local/texlive/2016/texmf-dist/tex/latex/ucs/ucs.sty
Package: ucs 2013/05/11 v2.2 UCS: Unicode input support

(/usr/local/texlive/2016/texmf-dist/tex/latex/ucs/data/uni-global.def
File: uni-global.def 2013/05/13 UCS: Unicode global data
)
\uc@secondtry=\count91
\uc@combtoks=\toks18
\uc@combtoksb=\toks19
\uc@temptokena=\toks20
)
(/usr/local/texlive/2016/texmf-dist/tex/latex/tools/calc.sty
Package: calc 2014/10/28 v4.3 Infix arithmetic (KKT,FJ)
\calc@Acount=\count92
\calc@Bcount=\count93
\calc@Adimen=\dimen111
\calc@Bdimen=\dimen112
\calc@Askip=\skip43
\calc@Bskip=\skip44
LaTeX Info: Redefining \setlength on input line 80.
LaTeX Info: Redefining \addtolength on input line 81.
\calc@Ccount=\count94
\calc@Cskip=\skip45
)
(/usr/local/texlive/2016/texmf-dist/tex/latex/fp/fp.sty
Package: fp 1995/04/02

`Fixed Point Package', Version 0.8, April 2, 1995 (C) Michael Mehlich
(/usr/local/texlive/2016/texmf-dist/tex/latex/fp/defpattern.sty
Package: defpattern 1994/10/12
\actioncount=\count95
)
(/usr/local/texlive/2016/texmf-dist/tex/latex/fp/fp-basic.sty
Package: fp-basic 1996/05/13
\FP@xs=\count96
\FP@xia=\count97
\FP@xib=\count98
\FP@xfa=\count99
\FP@xfb=\count100
\FP@rega=\count101
\FP@regb=\count102
\FP@regs=\count103
\FP@times=\count104
)
(/usr/local/texlive/2016/texmf-dist/tex/latex/fp/fp-addons.sty
Package: fp-addons 1995/03/15
)
(/usr/local/texlive/2016/texmf-dist/tex/latex/fp/fp-snap.sty
Package: fp-snap 1995/04/05
)
(/usr/local/texlive/2016/texmf-dist/tex/latex/fp/fp-exp.sty
Package: fp-exp 1995/04/03
)
(/usr/local/texlive/2016/texmf-dist/tex/latex/fp/fp-trigo.sty
Package: fp-trigo 1995/04/14
)
(/usr/local/texlive/2016/texmf-dist/tex/latex/fp/fp-pas.sty
Package: fp-pas 1994/08/29
)
(/usr/local/texlive/2016/texmf-dist/tex/latex/fp/fp-random.sty
Package: fp-random 1995/02/23
\FPseed=\count105
)
(/usr/local/texlive/2016/texmf-dist/tex/latex/fp/fp-eqn.sty
Package: fp-eqn 1995/04/03
)
(/usr/local/texlive/2016/texmf-dist/tex/latex/fp/fp-upn.sty
Package: fp-upn 1996/10/21
)
(/usr/local/texlive/2016/texmf-dist/tex/latex/fp/fp-eval.sty
Package: fp-eval 1995/04/03
))
(/usr/local/texlive/2016/texmf-dist/tex/latex/graphics/graphicx.sty
Package: graphicx 2014/10/28 v1.0g Enhanced LaTeX Graphics (DPC,SPQR)

(/usr/local/texlive/2016/texmf-dist/tex/latex/graphics/graphics.sty
Package: graphics 2016/05/09 v1.0r Standard LaTeX Graphics (DPC,SPQR)

(/usr/local/texlive/2016/texmf-dist/tex/latex/graphics/trig.sty
Package: trig 2016/01/03 v1.10 sin cos tan (DPC)
)
(/usr/local/texlive/2016/texmf-dist/tex/latex/graphics-cfg/graphics.cfg
File: graphics.cfg 2016/01/02 v1.10 sample graphics configuration
)
Package graphics Info: Driver file: pdftex.def on input line 96.

(/usr/local/texlive/2016/texmf-dist/tex/latex/pdftex-def/pdftex.def
File: pdftex.def 2011/05/27 v0.06d Graphics/color for pdfTeX

(/usr/local/texlive/2016/texmf-dist/tex/generic/oberdiek/infwarerr.sty
Package: infwarerr 2016/05/16 v1.4 Providing info/warning/error messages (HO)
)
(/usr/local/texlive/2016/texmf-dist/tex/generic/oberdiek/ltxcmds.sty
Package: ltxcmds 2016/05/16 v1.23 LaTeX kernel commands for general use (HO)
)
\Gread@gobject=\count106
))
\Gin@req@height=\dimen113
\Gin@req@width=\dimen114
)
(/usr/local/texlive/2016/texmf-dist/tex/latex/wrapfig/wrapfig.sty
\wrapoverhang=\dimen115
\WF@size=\dimen116
\c@WF@wrappedlines=\count107
\WF@box=\box26
\WF@everypar=\toks21
Package: wrapfig 2003/01/31  v 3.6
)
(/usr/local/texlive/2016/texmf-dist/tex/latex/tools/longtable.sty
Package: longtable 2014/10/28 v4.11 Multi-page Table package (DPC)
\LTleft=\skip46
\LTright=\skip47
\LTpre=\skip48
\LTpost=\skip49
\LTchunksize=\count108
\LTcapwidth=\dimen117
\LT@head=\box27
\LT@firsthead=\box28
\LT@foot=\box29
\LT@lastfoot=\box30
\LT@cols=\count109
\LT@rows=\count110
\c@LT@tables=\count111
\c@LT@chunks=\count112
\LT@p@ftn=\toks22
)
(/usr/local/texlive/2016/texmf-dist/tex/latex/pgfplots/pgfplots.sty
(/usr/local/texlive/2016/texmf-dist/tex/generic/pgfplots/pgfplots.revision.tex)
Package: pgfplots 2016/01/06 v1.13 Data Visualization (1.13)
(/usr/local/texlive/2016/texmf-dist/tex/latex/pgf/frontendlayer/tikz.sty
(/usr/local/texlive/2016/texmf-dist/tex/latex/pgf/basiclayer/pgf.sty
(/usr/local/texlive/2016/texmf-dist/tex/latex/pgf/utilities/pgfrcs.sty
(/usr/local/texlive/2016/texmf-dist/tex/generic/pgf/utilities/pgfutil-common.te
x
\pgfutil@everybye=\toks23
\pgfutil@tempdima=\dimen118
\pgfutil@tempdimb=\dimen119

(/usr/local/texlive/2016/texmf-dist/tex/generic/pgf/utilities/pgfutil-common-li
sts.tex))
(/usr/local/texlive/2016/texmf-dist/tex/generic/pgf/utilities/pgfutil-latex.def
\pgfutil@abb=\box31
(/usr/local/texlive/2016/texmf-dist/tex/latex/ms/everyshi.sty
Package: everyshi 2001/05/15 v3.00 EveryShipout Package (MS)
))
(/usr/local/texlive/2016/texmf-dist/tex/generic/pgf/utilities/pgfrcs.code.tex
Package: pgfrcs 2015/08/07 v3.0.1a (rcs-revision 1.31)
))
Package: pgf 2015/08/07 v3.0.1a (rcs-revision 1.15)
(/usr/local/texlive/2016/texmf-dist/tex/latex/pgf/basiclayer/pgfcore.sty
(/usr/local/texlive/2016/texmf-dist/tex/latex/pgf/systemlayer/pgfsys.sty
(/usr/local/texlive/2016/texmf-dist/tex/generic/pgf/systemlayer/pgfsys.code.tex
Package: pgfsys 2014/07/09 v3.0.1a (rcs-revision 1.48)
(/usr/local/texlive/2016/texmf-dist/tex/generic/pgf/utilities/pgfkeys.code.tex
\pgfkeys@pathtoks=\toks24
\pgfkeys@temptoks=\toks25

(/usr/local/texlive/2016/texmf-dist/tex/generic/pgf/utilities/pgfkeysfiltered.c
ode.tex
\pgfkeys@tmptoks=\toks26
))
\pgf@x=\dimen120
\pgf@y=\dimen121
\pgf@xa=\dimen122
\pgf@ya=\dimen123
\pgf@xb=\dimen124
\pgf@yb=\dimen125
\pgf@xc=\dimen126
\pgf@yc=\dimen127
\w@pgf@writea=\write3
\r@pgf@reada=\read1
\c@pgf@counta=\count113
\c@pgf@countb=\count114
\c@pgf@countc=\count115
\c@pgf@countd=\count116
\t@pgf@toka=\toks27
\t@pgf@tokb=\toks28
\t@pgf@tokc=\toks29

(/usr/local/texlive/2016/texmf-dist/tex/generic/pgf/systemlayer/pgf.cfg
File: pgf.cfg 2008/05/14  (rcs-revision 1.7)
)
Driver file for pgf: pgfsys-pdftex.def

(/usr/local/texlive/2016/texmf-dist/tex/generic/pgf/systemlayer/pgfsys-pdftex.d
ef
File: pgfsys-pdftex.def 2014/10/11  (rcs-revision 1.35)

(/usr/local/texlive/2016/texmf-dist/tex/generic/pgf/systemlayer/pgfsys-common-p
df.def
File: pgfsys-common-pdf.def 2013/10/10  (rcs-revision 1.13)
)))
(/usr/local/texlive/2016/texmf-dist/tex/generic/pgf/systemlayer/pgfsyssoftpath.
code.tex
File: pgfsyssoftpath.code.tex 2013/09/09  (rcs-revision 1.9)
\pgfsyssoftpath@smallbuffer@items=\count117
\pgfsyssoftpath@bigbuffer@items=\count118
)
(/usr/local/texlive/2016/texmf-dist/tex/generic/pgf/systemlayer/pgfsysprotocol.
code.tex
File: pgfsysprotocol.code.tex 2006/10/16  (rcs-revision 1.4)
)) (/usr/local/texlive/2016/texmf-dist/tex/latex/xcolor/xcolor.sty
Package: xcolor 2016/05/11 v2.12 LaTeX color extensions (UK)

(/usr/local/texlive/2016/texmf-dist/tex/latex/graphics-cfg/color.cfg
File: color.cfg 2016/01/02 v1.6 sample color configuration
)
Package xcolor Info: Driver file: pdftex.def on input line 225.
Package xcolor Info: Model `cmy' substituted by `cmy0' on input line 1348.
Package xcolor Info: Model `hsb' substituted by `rgb' on input line 1352.
Package xcolor Info: Model `RGB' extended on input line 1364.
Package xcolor Info: Model `HTML' substituted by `rgb' on input line 1366.
Package xcolor Info: Model `Hsb' substituted by `hsb' on input line 1367.
Package xcolor Info: Model `tHsb' substituted by `hsb' on input line 1368.
Package xcolor Info: Model `HSB' substituted by `hsb' on input line 1369.
Package xcolor Info: Model `Gray' substituted by `gray' on input line 1370.
Package xcolor Info: Model `wave' substituted by `hsb' on input line 1371.
)
(/usr/local/texlive/2016/texmf-dist/tex/generic/pgf/basiclayer/pgfcore.code.tex
Package: pgfcore 2010/04/11 v3.0.1a (rcs-revision 1.7)
(/usr/local/texlive/2016/texmf-dist/tex/generic/pgf/math/pgfmath.code.tex
(/usr/local/texlive/2016/texmf-dist/tex/generic/pgf/math/pgfmathcalc.code.tex
(/usr/local/texlive/2016/texmf-dist/tex/generic/pgf/math/pgfmathutil.code.tex)
(/usr/local/texlive/2016/texmf-dist/tex/generic/pgf/math/pgfmathparser.code.tex
\pgfmath@dimen=\dimen128
\pgfmath@count=\count119
\pgfmath@box=\box32
\pgfmath@toks=\toks30
\pgfmath@stack@operand=\toks31
\pgfmath@stack@operation=\toks32
)
(/usr/local/texlive/2016/texmf-dist/tex/generic/pgf/math/pgfmathfunctions.code.
tex
(/usr/local/texlive/2016/texmf-dist/tex/generic/pgf/math/pgfmathfunctions.basic
.code.tex)
(/usr/local/texlive/2016/texmf-dist/tex/generic/pgf/math/pgfmathfunctions.trigo
nometric.code.tex)
(/usr/local/texlive/2016/texmf-dist/tex/generic/pgf/math/pgfmathfunctions.rando
m.code.tex)
(/usr/local/texlive/2016/texmf-dist/tex/generic/pgf/math/pgfmathfunctions.compa
rison.code.tex)
(/usr/local/texlive/2016/texmf-dist/tex/generic/pgf/math/pgfmathfunctions.base.
code.tex)
(/usr/local/texlive/2016/texmf-dist/tex/generic/pgf/math/pgfmathfunctions.round
.code.tex)
(/usr/local/texlive/2016/texmf-dist/tex/generic/pgf/math/pgfmathfunctions.misc.
code.tex)
(/usr/local/texlive/2016/texmf-dist/tex/generic/pgf/math/pgfmathfunctions.integ
erarithmetics.code.tex)))
(/usr/local/texlive/2016/texmf-dist/tex/generic/pgf/math/pgfmathfloat.code.tex
\c@pgfmathroundto@lastzeros=\count120
))
(/usr/local/texlive/2016/texmf-dist/tex/generic/pgf/basiclayer/pgfcorepoints.co
de.tex
File: pgfcorepoints.code.tex 2013/10/07  (rcs-revision 1.27)
\pgf@picminx=\dimen129
\pgf@picmaxx=\dimen130
\pgf@picminy=\dimen131
\pgf@picmaxy=\dimen132
\pgf@pathminx=\dimen133
\pgf@pathmaxx=\dimen134
\pgf@pathminy=\dimen135
\pgf@pathmaxy=\dimen136
\pgf@xx=\dimen137
\pgf@xy=\dimen138
\pgf@yx=\dimen139
\pgf@yy=\dimen140
\pgf@zx=\dimen141
\pgf@zy=\dimen142
)
(/usr/local/texlive/2016/texmf-dist/tex/generic/pgf/basiclayer/pgfcorepathconst
ruct.code.tex
File: pgfcorepathconstruct.code.tex 2013/10/07  (rcs-revision 1.29)
\pgf@path@lastx=\dimen143
\pgf@path@lasty=\dimen144
)
(/usr/local/texlive/2016/texmf-dist/tex/generic/pgf/basiclayer/pgfcorepathusage
.code.tex
File: pgfcorepathusage.code.tex 2014/11/02  (rcs-revision 1.24)
\pgf@shorten@end@additional=\dimen145
\pgf@shorten@start@additional=\dimen146
)
(/usr/local/texlive/2016/texmf-dist/tex/generic/pgf/basiclayer/pgfcorescopes.co
de.tex
File: pgfcorescopes.code.tex 2015/05/08  (rcs-revision 1.46)
\pgfpic=\box33
\pgf@hbox=\box34
\pgf@layerbox@main=\box35
\pgf@picture@serial@count=\count121
)
(/usr/local/texlive/2016/texmf-dist/tex/generic/pgf/basiclayer/pgfcoregraphicst
ate.code.tex
File: pgfcoregraphicstate.code.tex 2014/11/02  (rcs-revision 1.12)
\pgflinewidth=\dimen147
)
(/usr/local/texlive/2016/texmf-dist/tex/generic/pgf/basiclayer/pgfcoretransform
ations.code.tex
File: pgfcoretransformations.code.tex 2015/08/07  (rcs-revision 1.20)
\pgf@pt@x=\dimen148
\pgf@pt@y=\dimen149
\pgf@pt@temp=\dimen150
)
(/usr/local/texlive/2016/texmf-dist/tex/generic/pgf/basiclayer/pgfcorequick.cod
e.tex
File: pgfcorequick.code.tex 2008/10/09  (rcs-revision 1.3)
)
(/usr/local/texlive/2016/texmf-dist/tex/generic/pgf/basiclayer/pgfcoreobjects.c
ode.tex
File: pgfcoreobjects.code.tex 2006/10/11  (rcs-revision 1.2)
)
(/usr/local/texlive/2016/texmf-dist/tex/generic/pgf/basiclayer/pgfcorepathproce
ssing.code.tex
File: pgfcorepathprocessing.code.tex 2013/09/09  (rcs-revision 1.9)
)
(/usr/local/texlive/2016/texmf-dist/tex/generic/pgf/basiclayer/pgfcorearrows.co
de.tex
File: pgfcorearrows.code.tex 2015/05/14  (rcs-revision 1.43)
\pgfarrowsep=\dimen151
)
(/usr/local/texlive/2016/texmf-dist/tex/generic/pgf/basiclayer/pgfcoreshade.cod
e.tex
File: pgfcoreshade.code.tex 2013/07/15  (rcs-revision 1.15)
\pgf@max=\dimen152
\pgf@sys@shading@range@num=\count122
)
(/usr/local/texlive/2016/texmf-dist/tex/generic/pgf/basiclayer/pgfcoreimage.cod
e.tex
File: pgfcoreimage.code.tex 2013/07/15  (rcs-revision 1.18)

(/usr/local/texlive/2016/texmf-dist/tex/generic/pgf/basiclayer/pgfcoreexternal.
code.tex
File: pgfcoreexternal.code.tex 2014/07/09  (rcs-revision 1.21)
\pgfexternal@startupbox=\box36
))
(/usr/local/texlive/2016/texmf-dist/tex/generic/pgf/basiclayer/pgfcorelayers.co
de.tex
File: pgfcorelayers.code.tex 2013/07/18  (rcs-revision 1.7)
)
(/usr/local/texlive/2016/texmf-dist/tex/generic/pgf/basiclayer/pgfcoretranspare
ncy.code.tex
File: pgfcoretransparency.code.tex 2013/09/30  (rcs-revision 1.5)
)
(/usr/local/texlive/2016/texmf-dist/tex/generic/pgf/basiclayer/pgfcorepatterns.
code.tex
File: pgfcorepatterns.code.tex 2013/11/07  (rcs-revision 1.5)
)))
(/usr/local/texlive/2016/texmf-dist/tex/generic/pgf/modules/pgfmoduleshapes.cod
e.tex
File: pgfmoduleshapes.code.tex 2014/03/21  (rcs-revision 1.35)
\pgfnodeparttextbox=\box37
)
(/usr/local/texlive/2016/texmf-dist/tex/generic/pgf/modules/pgfmoduleplot.code.
tex
File: pgfmoduleplot.code.tex 2015/08/03  (rcs-revision 1.13)
)
(/usr/local/texlive/2016/texmf-dist/tex/latex/pgf/compatibility/pgfcomp-version
-0-65.sty
Package: pgfcomp-version-0-65 2007/07/03 v3.0.1a (rcs-revision 1.7)
\pgf@nodesepstart=\dimen153
\pgf@nodesepend=\dimen154
)
(/usr/local/texlive/2016/texmf-dist/tex/latex/pgf/compatibility/pgfcomp-version
-1-18.sty
Package: pgfcomp-version-1-18 2007/07/23 v3.0.1a (rcs-revision 1.1)
))
(/usr/local/texlive/2016/texmf-dist/tex/latex/pgf/utilities/pgffor.sty
(/usr/local/texlive/2016/texmf-dist/tex/latex/pgf/utilities/pgfkeys.sty
(/usr/local/texlive/2016/texmf-dist/tex/generic/pgf/utilities/pgfkeys.code.tex)
) (/usr/local/texlive/2016/texmf-dist/tex/latex/pgf/math/pgfmath.sty
(/usr/local/texlive/2016/texmf-dist/tex/generic/pgf/math/pgfmath.code.tex))
(/usr/local/texlive/2016/texmf-dist/tex/generic/pgf/utilities/pgffor.code.tex
Package: pgffor 2013/12/13 v3.0.1a (rcs-revision 1.25)

(/usr/local/texlive/2016/texmf-dist/tex/generic/pgf/math/pgfmath.code.tex)
\pgffor@iter=\dimen155
\pgffor@skip=\dimen156
\pgffor@stack=\toks33
\pgffor@toks=\toks34
))
(/usr/local/texlive/2016/texmf-dist/tex/generic/pgf/frontendlayer/tikz/tikz.cod
e.tex
Package: tikz 2015/08/07 v3.0.1a (rcs-revision 1.151)

(/usr/local/texlive/2016/texmf-dist/tex/generic/pgf/libraries/pgflibraryplothan
dlers.code.tex
File: pgflibraryplothandlers.code.tex 2013/08/31 v3.0.1a (rcs-revision 1.20)
\pgf@plot@mark@count=\count123
\pgfplotmarksize=\dimen157
)
\tikz@lastx=\dimen158
\tikz@lasty=\dimen159
\tikz@lastxsaved=\dimen160
\tikz@lastysaved=\dimen161
\tikzleveldistance=\dimen162
\tikzsiblingdistance=\dimen163
\tikz@figbox=\box38
\tikz@figbox@bg=\box39
\tikz@tempbox=\box40
\tikz@tempbox@bg=\box41
\tikztreelevel=\count124
\tikznumberofchildren=\count125
\tikznumberofcurrentchild=\count126
\tikz@fig@count=\count127

(/usr/local/texlive/2016/texmf-dist/tex/generic/pgf/modules/pgfmodulematrix.cod
e.tex
File: pgfmodulematrix.code.tex 2013/09/17  (rcs-revision 1.8)
\pgfmatrixcurrentrow=\count128
\pgfmatrixcurrentcolumn=\count129
\pgf@matrix@numberofcolumns=\count130
)
\tikz@expandcount=\count131

(/usr/local/texlive/2016/texmf-dist/tex/generic/pgf/frontendlayer/tikz/librarie
s/tikzlibrarytopaths.code.tex
File: tikzlibrarytopaths.code.tex 2008/06/17 v3.0.1a (rcs-revision 1.2)
)))
(/usr/local/texlive/2016/texmf-dist/tex/generic/pgfplots/pgfplots.code.tex
(/usr/local/texlive/2016/texmf-dist/tex/generic/pgfplots/pgfplotscore.code.tex
\t@pgfplots@toka=\toks35
\t@pgfplots@tokb=\toks36
\t@pgfplots@tokc=\toks37
\pgfplots@tmpa=\dimen164
\c@pgfplots@coordindex=\count132
\c@pgfplots@scanlineindex=\count133

(/usr/local/texlive/2016/texmf-dist/tex/generic/pgfplots/sys/pgfplotssysgeneric
.code.tex))
(/usr/local/texlive/2016/texmf-dist/tex/generic/pgfplots/libs/pgfplotslibrary.c
ode.tex)
(/usr/local/texlive/2016/texmf-dist/tex/generic/pgfplots/oldpgfcompatib/pgfplot
soldpgfsupp_loader.code.tex
(/usr/local/texlive/2016/texmf-dist/tex/generic/pgf/libraries/pgflibraryfpu.cod
e.tex)
Package pgfplots: loading complementary arithmetics for your pgf version...

(/usr/local/texlive/2016/texmf-dist/tex/generic/pgfplots/oldpgfcompatib/pgfplot
soldpgfsupp_pgflibraryfpu.code.tex)
(/usr/local/texlive/2016/texmf-dist/tex/generic/pgfplots/oldpgfcompatib/pgfplot
soldpgfsupp_pgfmathfloat.code.tex
\c@pgfmathroundto@lastzeros=\count134
))
(/usr/local/texlive/2016/texmf-dist/tex/generic/pgfplots/util/pgfplotsutil.code
.tex
(/usr/local/texlive/2016/texmf-dist/tex/generic/pgfplots/liststructure/pgfplots
liststructure.code.tex)
(/usr/local/texlive/2016/texmf-dist/tex/generic/pgfplots/liststructure/pgfplots
liststructureext.code.tex)
(/usr/local/texlive/2016/texmf-dist/tex/generic/pgfplots/liststructure/pgfplots
array.code.tex
\c@pgfplotsarray@tmp=\count135
)
(/usr/local/texlive/2016/texmf-dist/tex/generic/pgfplots/liststructure/pgfplots
matrix.code.tex)
(/usr/local/texlive/2016/texmf-dist/tex/generic/pgfplots/numtable/pgfplotstable
shared.code.tex
\c@pgfplotstable@counta=\count136
\t@pgfplotstable@a=\toks38
)
(/usr/local/texlive/2016/texmf-dist/tex/generic/pgfplots/liststructure/pgfplots
deque.code.tex)
(/usr/local/texlive/2016/texmf-dist/tex/generic/pgfplots/util/pgfplotsbinary.co
de.tex
(/usr/local/texlive/2016/texmf-dist/tex/generic/pgfplots/util/pgfplotsbinary.da
ta.code.tex))
(/usr/local/texlive/2016/texmf-dist/tex/generic/pgfplots/util/pgfplotsutil.verb
.code.tex)
(/usr/local/texlive/2016/texmf-dist/tex/generic/pgfplots/libs/pgflibrarypgfplot
s.surfshading.code.tex
\c@pgfplotslibrarysurf@no=\count137

(/usr/local/texlive/2016/texmf-dist/tex/generic/pgfplots/sys/pgflibrarypgfplots
.surfshading.pgfsys-pdftex.def)))
(/usr/local/texlive/2016/texmf-dist/tex/generic/pgfplots/util/pgfplotscolormap.
code.tex
(/usr/local/texlive/2016/texmf-dist/tex/generic/pgfplots/util/pgfplotscolor.cod
e.tex))
(/usr/local/texlive/2016/texmf-dist/tex/generic/pgfplots/pgfplotsstackedplots.c
ode.tex)
(/usr/local/texlive/2016/texmf-dist/tex/generic/pgfplots/pgfplotsplothandlers.c
ode.tex
(/usr/local/texlive/2016/texmf-dist/tex/generic/pgfplots/pgfplotsmeshplothandle
r.code.tex
(/usr/local/texlive/2016/texmf-dist/tex/generic/pgfplots/pgfplotsmeshplotimage.
code.tex)))
(/usr/local/texlive/2016/texmf-dist/tex/generic/pgfplots/pgfplots.scaling.code.
tex)
(/usr/local/texlive/2016/texmf-dist/tex/generic/pgfplots/pgfplotscoordprocessin
g.code.tex)
(/usr/local/texlive/2016/texmf-dist/tex/generic/pgfplots/pgfplots.errorbars.cod
e.tex)
(/usr/local/texlive/2016/texmf-dist/tex/generic/pgfplots/pgfplots.markers.code.
tex)
(/usr/local/texlive/2016/texmf-dist/tex/generic/pgfplots/pgfplotsticks.code.tex
)
(/usr/local/texlive/2016/texmf-dist/tex/generic/pgfplots/pgfplots.paths.code.te
x)
(/usr/local/texlive/2016/texmf-dist/tex/generic/pgf/frontendlayer/tikz/librarie
s/tikzlibrarydecorations.code.tex
(/usr/local/texlive/2016/texmf-dist/tex/generic/pgf/modules/pgfmoduledecoration
s.code.tex
\pgfdecoratedcompleteddistance=\dimen165
\pgfdecoratedremainingdistance=\dimen166
\pgfdecoratedinputsegmentcompleteddistance=\dimen167
\pgfdecoratedinputsegmentremainingdistance=\dimen168
\pgf@decorate@distancetomove=\dimen169
\pgf@decorate@repeatstate=\count138
\pgfdecorationsegmentamplitude=\dimen170
\pgfdecorationsegmentlength=\dimen171
)
\tikz@lib@dec@box=\box42
)
(/usr/local/texlive/2016/texmf-dist/tex/generic/pgf/frontendlayer/tikz/librarie
s/tikzlibrarydecorations.pathmorphing.code.tex
(/usr/local/texlive/2016/texmf-dist/tex/generic/pgf/libraries/decorations/pgfli
brarydecorations.pathmorphing.code.tex))
(/usr/local/texlive/2016/texmf-dist/tex/generic/pgf/frontendlayer/tikz/librarie
s/tikzlibrarydecorations.pathreplacing.code.tex
(/usr/local/texlive/2016/texmf-dist/tex/generic/pgf/libraries/decorations/pgfli
brarydecorations.pathreplacing.code.tex))
\pgfplots@numplots=\count139
\pgfplots@xmin@reg=\dimen172
\pgfplots@xmax@reg=\dimen173
\pgfplots@ymin@reg=\dimen174
\pgfplots@ymax@reg=\dimen175
\pgfplots@zmin@reg=\dimen176
\pgfplots@zmax@reg=\dimen177
)
(/usr/local/texlive/2016/texmf-dist/tex/generic/pgf/frontendlayer/tikz/librarie
s/tikzlibraryplotmarks.code.tex
File: tikzlibraryplotmarks.code.tex 2008/01/09 v3.0.1a (rcs-revision 1.1)

(/usr/local/texlive/2016/texmf-dist/tex/generic/pgf/libraries/pgflibraryplotmar
ks.code.tex
File: pgflibraryplotmarks.code.tex 2015/08/03 v3.0.1a (rcs-revision 1.14)
)))
(/usr/local/texlive/2016/texmf-dist/tex/latex/algorithm2e/algorithm2e.sty
Package: algorithm2e 2013/01/06 v5.00 algorithms environments
\c@AlgoLine=\count140

(/usr/local/texlive/2016/texmf-dist/tex/latex/base/ifthen.sty
Package: ifthen 2014/09/29 v1.1c Standard LaTeX ifthen package (DPC)
)
\algocf@hangindent=\skip50

(/usr/local/texlive/2016/texmf-dist/tex/latex/tools/xspace.sty
Package: xspace 2014/10/28 v1.13 Space after command names (DPC,MH)
)
(/usr/local/texlive/2016/texmf-dist/tex/latex/relsize/relsize.sty
Package: relsize 2013/03/29 ver 4.1
)
********************************************************
Package `algorithm2e' Release 5.1 -- october 19 2015 --
- algorithm2e-announce@lirmm.fr mailing list for announcement about releases
- algorithm2e-discussion@lirmm.fr mailing list for discussion about package
subscribe by emailing sympa@lirmm.fr with 'subscribe <list> <firstname name>'
- Author: Christophe Fiorio (christophe.fiorio@umontpellier.fr)
********************************************************
\skiptotal=\skip51
\skiplinenumber=\skip52
\skiprule=\skip53
\skiphlne=\skip54
\skiptext=\skip55
\skiplength=\skip56
\algomargin=\skip57
\skipalgocfslide=\skip58
\algowidth=\dimen178
\inoutsize=\dimen179
\inoutindent=\dimen180
\interspacetitleruled=\dimen181
\interspacealgoruled=\dimen182
\interspacetitleboxruled=\dimen183
\algocf@ruledwidth=\skip59
\algocf@inoutbox=\box43
\algocf@inputbox=\box44
\AlCapSkip=\skip60
\AlCapHSkip=\skip61
\algoskipindent=\skip62
\algocf@nlbox=\box45
\algocf@hangingbox=\box46
\algocf@untilbox=\box47
\algocf@skipuntil=\skip63
\algocf@capbox=\box48
\algoheightruledefault=\skip64
\algoheightrule=\skip65
\algotitleheightruledefault=\skip66
\algotitleheightrule=\skip67
\c@algocfline=\count141
\c@algocfproc=\count142
\c@algocf=\count143
\algocf@algoframe=\box49
\algocf@algobox=\box50
) (/usr/local/texlive/2016/texmf-dist/tex/latex/lm/lmodern.sty
Package: lmodern 2009/10/30 v1.6 Latin Modern Fonts
LaTeX Font Info:    Overwriting symbol font `operators' in version `normal'
(Font)                  OT1/cmr/m/n --> OT1/lmr/m/n on input line 22.
LaTeX Font Info:    Overwriting symbol font `letters' in version `normal'
(Font)                  OML/cmm/m/it --> OML/lmm/m/it on input line 23.
LaTeX Font Info:    Overwriting symbol font `symbols' in version `normal'
(Font)                  OMS/cmsy/m/n --> OMS/lmsy/m/n on input line 24.
LaTeX Font Info:    Overwriting symbol font `largesymbols' in version `normal'
(Font)                  OMX/cmex/m/n --> OMX/lmex/m/n on input line 25.
LaTeX Font Info:    Overwriting symbol font `operators' in version `bold'
(Font)                  OT1/cmr/bx/n --> OT1/lmr/bx/n on input line 26.
LaTeX Font Info:    Overwriting symbol font `letters' in version `bold'
(Font)                  OML/cmm/b/it --> OML/lmm/b/it on input line 27.
LaTeX Font Info:    Overwriting symbol font `symbols' in version `bold'
(Font)                  OMS/cmsy/b/n --> OMS/lmsy/b/n on input line 28.
LaTeX Font Info:    Overwriting symbol font `largesymbols' in version `bold'
(Font)                  OMX/cmex/m/n --> OMX/lmex/m/n on input line 29.
LaTeX Font Info:    Overwriting math alphabet `\mathbf' in version `normal'
(Font)                  OT1/cmr/bx/n --> OT1/lmr/bx/n on input line 31.
LaTeX Font Info:    Overwriting math alphabet `\mathsf' in version `normal'
(Font)                  OT1/cmss/m/n --> OT1/lmss/m/n on input line 32.
LaTeX Font Info:    Overwriting math alphabet `\mathit' in version `normal'
(Font)                  OT1/cmr/m/it --> OT1/lmr/m/it on input line 33.
LaTeX Font Info:    Overwriting math alphabet `\mathtt' in version `normal'
(Font)                  OT1/cmtt/m/n --> OT1/lmtt/m/n on input line 34.
LaTeX Font Info:    Overwriting math alphabet `\mathbf' in version `bold'
(Font)                  OT1/cmr/bx/n --> OT1/lmr/bx/n on input line 35.
LaTeX Font Info:    Overwriting math alphabet `\mathsf' in version `bold'
(Font)                  OT1/cmss/bx/n --> OT1/lmss/bx/n on input line 36.
LaTeX Font Info:    Overwriting math alphabet `\mathit' in version `bold'
(Font)                  OT1/cmr/bx/it --> OT1/lmr/bx/it on input line 37.
LaTeX Font Info:    Overwriting math alphabet `\mathtt' in version `bold'
(Font)                  OT1/cmtt/m/n --> OT1/lmtt/m/n on input line 38.
)
(/usr/local/texlive/2016/texmf-dist/tex/latex/amsmath/amsmath.sty
Package: amsmath 2016/03/10 v2.15b AMS math features
\@mathmargin=\skip68

For additional information on amsmath, use the `?' option.
(/usr/local/texlive/2016/texmf-dist/tex/latex/amsmath/amstext.sty
Package: amstext 2000/06/29 v2.01 AMS text

(/usr/local/texlive/2016/texmf-dist/tex/latex/amsmath/amsgen.sty
File: amsgen.sty 1999/11/30 v2.0 generic functions
\@emptytoks=\toks39
\ex@=\dimen184
))
(/usr/local/texlive/2016/texmf-dist/tex/latex/amsmath/amsbsy.sty
Package: amsbsy 1999/11/29 v1.2d Bold Symbols
\pmbraise@=\dimen185
)
(/usr/local/texlive/2016/texmf-dist/tex/latex/amsmath/amsopn.sty
Package: amsopn 2016/03/08 v2.02 operator names
)
\inf@bad=\count144
LaTeX Info: Redefining \frac on input line 199.
\uproot@=\count145
\leftroot@=\count146
LaTeX Info: Redefining \overline on input line 297.
\classnum@=\count147
\DOTSCASE@=\count148
LaTeX Info: Redefining \ldots on input line 394.
LaTeX Info: Redefining \dots on input line 397.
LaTeX Info: Redefining \cdots on input line 518.
\Mathstrutbox@=\box51
\strutbox@=\box52
\big@size=\dimen186
LaTeX Font Info:    Redeclaring font encoding OML on input line 634.
LaTeX Font Info:    Redeclaring font encoding OMS on input line 635.
\macc@depth=\count149
\c@MaxMatrixCols=\count150
\dotsspace@=\muskip10
\c@parentequation=\count151
\dspbrk@lvl=\count152
\tag@help=\toks40
\row@=\count153
\column@=\count154
\maxfields@=\count155
\andhelp@=\toks41
\eqnshift@=\dimen187
\alignsep@=\dimen188
\tagshift@=\dimen189
\tagwidth@=\dimen190
\totwidth@=\dimen191
\lineht@=\dimen192
\@envbody=\toks42
\multlinegap=\skip69
\multlinetaggap=\skip70
\mathdisplay@stack=\toks43
LaTeX Info: Redefining \[ on input line 2739.
LaTeX Info: Redefining \] on input line 2740.
)
(/usr/local/texlive/2016/texmf-dist/tex/latex/slantsc/slantsc.sty
Package: slantsc 2012/01/01 v2.11 Provide Slanted an Italic Small Caps
LaTeX Info: Redefining \upshape on input line 35.
LaTeX Info: Redefining \slshape on input line 45.
LaTeX Info: Redefining \itshape on input line 55.
LaTeX Info: Redefining \scshape on input line 65.
)
(/usr/local/texlive/2016/texmf-dist/tex/latex/emptypage/emptypage.sty
Package: emptypage 2010/05/30 v1.2 Suppress page numbers and headings on empty 
pages
)
(/usr/local/texlive/2016/texmf-dist/tex/latex/hyperref/hyperref.sty
Package: hyperref 2016/05/05 v6.83n Hypertext links for LaTeX

(/usr/local/texlive/2016/texmf-dist/tex/generic/oberdiek/hobsub-hyperref.sty
Package: hobsub-hyperref 2016/05/16 v1.14 Bundle oberdiek, subset hyperref (HO)


(/usr/local/texlive/2016/texmf-dist/tex/generic/oberdiek/hobsub-generic.sty
Package: hobsub-generic 2016/05/16 v1.14 Bundle oberdiek, subset generic (HO)
Package: hobsub 2016/05/16 v1.14 Construct package bundles (HO)
Package hobsub Info: Skipping package `infwarerr' (already loaded).
Package hobsub Info: Skipping package `ltxcmds' (already loaded).
Package: ifluatex 2016/05/16 v1.4 Provides the ifluatex switch (HO)
Package ifluatex Info: LuaTeX not detected.
Package hobsub Info: Skipping package `ifvtex' (already loaded).
Package: intcalc 2016/05/16 v1.2 Expandable calculations with integers (HO)
Package hobsub Info: Skipping package `ifpdf' (already loaded).
Package: etexcmds 2016/05/16 v1.6 Avoid name clashes with e-TeX commands (HO)
Package etexcmds Info: Could not find \expanded.
(etexcmds)             That can mean that you are not using pdfTeX 1.50 or
(etexcmds)             that some package has redefined \expanded.
(etexcmds)             In the latter case, load this package earlier.
Package: kvsetkeys 2016/05/16 v1.17 Key value parser (HO)
Package: kvdefinekeys 2016/05/16 v1.4 Define keys (HO)
Package: pdftexcmds 2016/05/10 v0.21 Utility functions of pdfTeX for LuaTeX (HO
)
Package pdftexcmds Info: LuaTeX not detected.
Package pdftexcmds Info: \pdf@primitive is available.
Package pdftexcmds Info: \pdf@ifprimitive is available.
Package pdftexcmds Info: \pdfdraftmode found.
Package: pdfescape 2016/05/16 v1.14 Implements pdfTeX's escape features (HO)
Package: bigintcalc 2016/05/16 v1.4 Expandable calculations on big integers (HO
)
Package: bitset 2016/05/16 v1.2 Handle bit-vector datatype (HO)
Package: uniquecounter 2016/05/16 v1.3 Provide unlimited unique counter (HO)
)
Package hobsub Info: Skipping package `hobsub' (already loaded).
Package: letltxmacro 2016/05/16 v1.5 Let assignment for LaTeX macros (HO)
Package: hopatch 2016/05/16 v1.3 Wrapper for package hooks (HO)
Package: xcolor-patch 2016/05/16 xcolor patch
Package: atveryend 2016/05/16 v1.9 Hooks at the very end of document (HO)
Package atveryend Info: \enddocument detected (standard20110627).
Package: atbegshi 2016/05/16 v1.17 At begin shipout hook (HO)
Package: refcount 2016/05/16 v3.5 Data extraction from label references (HO)
Package: hycolor 2016/05/16 v1.8 Color options for hyperref/bookmark (HO)
)
(/usr/local/texlive/2016/texmf-dist/tex/latex/oberdiek/auxhook.sty
Package: auxhook 2016/05/16 v1.4 Hooks for auxiliary files (HO)
)
(/usr/local/texlive/2016/texmf-dist/tex/latex/oberdiek/kvoptions.sty
Package: kvoptions 2016/05/16 v3.12 Key value format for package options (HO)
)
\@linkdim=\dimen193
\Hy@linkcounter=\count156
\Hy@pagecounter=\count157

(/usr/local/texlive/2016/texmf-dist/tex/latex/hyperref/pd1enc.def
File: pd1enc.def 2016/05/05 v6.83n Hyperref: PDFDocEncoding definition (HO)
)
\Hy@SavedSpaceFactor=\count158

(/usr/local/texlive/2016/texmf-dist/tex/latex/latexconfig/hyperref.cfg
File: hyperref.cfg 2002/06/06 v1.2 hyperref configuration of TeXLive
)
Package hyperref Info: Hyper figures OFF on input line 4446.
Package hyperref Info: Link nesting OFF on input line 4451.
Package hyperref Info: Hyper index ON on input line 4454.
Package hyperref Info: Plain pages OFF on input line 4461.
Package hyperref Info: Backreferencing OFF on input line 4466.
Package hyperref Info: Implicit mode ON; LaTeX internals redefined.
Package hyperref Info: Bookmarks ON on input line 4691.
\c@Hy@tempcnt=\count159

(/usr/local/texlive/2016/texmf-dist/tex/latex/url/url.sty
\Urlmuskip=\muskip11
Package: url 2013/09/16  ver 3.4  Verb mode for urls, etc.
)
LaTeX Info: Redefining \url on input line 5044.
\XeTeXLinkMargin=\dimen194
\Fld@menulength=\count160
\Field@Width=\dimen195
\Fld@charsize=\dimen196
Package hyperref Info: Hyper figures OFF on input line 6298.
Package hyperref Info: Link nesting OFF on input line 6303.
Package hyperref Info: Hyper index ON on input line 6306.
Package hyperref Info: backreferencing OFF on input line 6313.
Package hyperref Info: Link coloring OFF on input line 6318.
Package hyperref Info: Link coloring with OCG OFF on input line 6323.
Package hyperref Info: PDF/A mode OFF on input line 6328.
LaTeX Info: Redefining \ref on input line 6368.
LaTeX Info: Redefining \pageref on input line 6372.
\Hy@abspage=\count161
\c@Item=\count162
\c@Hfootnote=\count163
)

Package hyperref Message: Driver (autodetected): hpdftex.

(/usr/local/texlive/2016/texmf-dist/tex/latex/hyperref/hpdftex.def
File: hpdftex.def 2016/05/05 v6.83n Hyperref driver for pdfTeX
\Fld@listcount=\count164
\c@bookmark@seq@number=\count165

(/usr/local/texlive/2016/texmf-dist/tex/latex/oberdiek/rerunfilecheck.sty
Package: rerunfilecheck 2016/05/16 v1.8 Rerun checks for auxiliary files (HO)
Package uniquecounter Info: New unique counter `rerunfilecheck' on input line 2
82.
)
\Hy@SectionHShift=\skip71
)
(/usr/local/texlive/2016/texmf-dist/tex/latex/caption/caption.sty
Package: caption 2016/02/21 v3.3-144 Customizing captions (AR)

(/usr/local/texlive/2016/texmf-dist/tex/latex/caption/caption3.sty
Package: caption3 2016/02/04 v1.7-139 caption3 kernel (AR)
Package caption3 Info: TeX engine: e-TeX on input line 67.
\captionmargin=\dimen197
\captionmargin@=\dimen198
\captionwidth=\dimen199
\caption@tempdima=\dimen256
\caption@indent=\dimen257
\caption@parindent=\dimen258
\caption@hangindent=\dimen259
)
\c@ContinuedFloat=\count166
Package caption Info: hyperref package is loaded.
Package caption Info: longtable package is loaded.

(/usr/local/texlive/2016/texmf-dist/tex/latex/caption/ltcaption.sty
Package: ltcaption 2013/06/09 v1.4-94 longtable captions (AR)
)
Package caption Info: wrapfig package is loaded.
)
(/usr/local/texlive/2016/texmf-dist/tex/generic/babel/babel.sty
Package: babel 2016/04/23 3.9r The Babel package

(/usr/local/texlive/2016/texmf-dist/tex/generic/babel-english/english.ldf
Language: english 2012/08/20 v3.3p English support from the babel system

(/usr/local/texlive/2016/texmf-dist/tex/generic/babel/babel.def
File: babel.def 2016/04/23 3.9r Babel common definitions
\babel@savecnt=\count167
\U@D=\dimen260
)
\l@canadian = a dialect from \language\l@american 
\l@australian = a dialect from \language\l@british 
\l@newzealand = a dialect from \language\l@british 
))
(/usr/local/texlive/2016/texmf-dist/tex/latex/datetime/datetime.sty
Package: datetime 2015/03/20 v2.60 Date Time Package

(/usr/local/texlive/2016/texmf-dist/tex/latex/etoolbox/etoolbox.sty
Package: etoolbox 2015/08/02 v2.2a e-TeX tools for LaTeX (JAW)
\etb@tempcnta=\count168
)
(/usr/local/texlive/2016/texmf-dist/tex/latex/fmtcount/fmtcount.sty
Package: fmtcount 2015/05/05 v3.01

(/usr/local/texlive/2016/texmf-dist/tex/latex/xkeyval/xkeyval.sty
Package: xkeyval 2014/12/03 v2.7a package option processing (HA)

(/usr/local/texlive/2016/texmf-dist/tex/generic/xkeyval/xkeyval.tex
(/usr/local/texlive/2016/texmf-dist/tex/generic/xkeyval/xkvutils.tex
\XKV@toks=\toks44
\XKV@tempa@toks=\toks45
)
\XKV@depth=\count169
File: xkeyval.tex 2014/12/03 v2.7a key=value parser (HA)
))
(/usr/local/texlive/2016/texmf-dist/tex/latex/fmtcount/fcprefix.sty
Package: fcprefix 2012/09/28

(/usr/local/texlive/2016/texmf-dist/tex/latex/fmtcount/fcnumparser.sty
Package: fcnumparser 2012/09/28
\fc@digit@counter=\count170
))
\c@padzeroesN=\count171
\fc@tmpcatcode=\count172

(/usr/local/texlive/2016/texmf-dist/tex/latex/fmtcount/fc-english.def
File: fc-english.def 2013/08/17
)
\@DT@modctr=\count173
\@ordinalctr=\count174
\@orgargctr=\count175
\@strctr=\count176
\@tmpstrctr=\count177
\@DT@loopN=\count178
\@DT@X=\count179
)
(/usr/local/texlive/2016/texmf-dist/tex/latex/datetime/datetime-defaults.sty
Package: datetime-defaults 2013/09/10
)
\@day=\count180
\@month=\count181
\@year=\count182
\c@HOUR=\count183
\c@HOURXII=\count184
\c@MINUTE=\count185
\c@TOHOUR=\count186
\c@TOMINUTE=\count187
\c@SECOND=\count188
\currenthour=\count189
\currentminute=\count190
\currentsecond=\count191
Package datetime Info: No datetime.cfg file found, using default settings on in
put line 308.
\@dtctr=\count192
\dayofyear=\count193
\dayofweek=\count194
LaTeX Info: Redefining \today on input line 736.

(/usr/local/texlive/2016/texmf-dist/tex/latex/datetime/dt-american.def
File: dt-american.def 2013/09/10
)
\dt@a=\toks46
\dt@b=\toks47
)
(/usr/local/texlive/2016/texmf-dist/tex/latex/todonotes/todonotes.sty
Package: todonotes 2015/07/09 .dtx Todonotes source and documentation.
Package: todonotes 2012/07/25

(/usr/local/texlive/2016/texmf-dist/tex/generic/pgf/frontendlayer/tikz/librarie
s/tikzlibrarypositioning.code.tex
File: tikzlibrarypositioning.code.tex 2008/10/06 v3.0.1a (rcs-revision 1.7)
)
\c@@todonotes@numberoftodonotes=\count195
)
(/usr/local/texlive/2016/texmf-dist/tex/latex/titlesec/titlesec.sty
Package: titlesec 2016/03/21 v2.10.2 Sectioning titles
\ttl@box=\box53
\beforetitleunit=\skip72
\aftertitleunit=\skip73
\ttl@plus=\dimen261
\ttl@minus=\dimen262
\ttl@toksa=\toks48
\titlewidth=\dimen263
\titlewidthlast=\dimen264
\titlewidthfirst=\dimen265
)
(/usr/local/texlive/2016/texmf-dist/tex/latex/biblatex/biblatex.sty
Package: biblatex 2016/05/14 v3.4 programmable bibliographies (PK/JW/AB)

(/usr/local/texlive/2016/texmf-dist/tex/generic/iftex/iftex.sty
Package: iftex 2013/04/04 v0.2 Provides if(tex) conditional for PDFTeX, XeTeX, 
and LuaTeX
)
(/usr/local/texlive/2016/texmf-dist/tex/latex/logreq/logreq.sty
Package: logreq 2010/08/04 v1.0 xml request logger
\lrq@indent=\count196

(/usr/local/texlive/2016/texmf-dist/tex/latex/logreq/logreq.def
File: logreq.def 2010/08/04 v1.0 logreq spec v1.0
))
(/usr/local/texlive/2016/texmf-dist/tex/generic/xstring/xstring.sty
(/usr/local/texlive/2016/texmf-dist/tex/generic/xstring/xstring.tex
\@xs@message=\write4
\integerpart=\count197
\decimalpart=\count198
)
Package: xstring 2013/10/13  v1.7c  String manipulations (C Tellechea)
)
\c@tabx@nest=\count199
\c@listtotal=\count266
\c@listcount=\count267
\c@liststart=\count268
\c@liststop=\count269
\c@citecount=\count270
\c@citetotal=\count271
\c@multicitecount=\count272
\c@multicitetotal=\count273
\c@instcount=\count274
\c@maxnames=\count275
\c@minnames=\count276
\c@maxitems=\count277
\c@minitems=\count278
\c@citecounter=\count279
\c@savedcitecounter=\count280
\c@uniquelist=\count281
\c@uniquename=\count282
\c@refsection=\count283
\c@refsegment=\count284
\c@maxextratitle=\count285
\c@maxextratitleyear=\count286
\c@maxextrayear=\count287
\c@maxextraalpha=\count288
\c@abbrvpenalty=\count289
\c@highnamepenalty=\count290
\c@lownamepenalty=\count291
\c@maxparens=\count292
\c@parenlevel=\count293
\blx@tempcnta=\count294
\blx@tempcntb=\count295
\blx@tempcntc=\count296
\blx@maxsection=\count297
\blx@maxsegment@0=\count298
\blx@notetype=\count299
\blx@parenlevel@text=\count300
\blx@parenlevel@foot=\count301
\blx@sectionciteorder@0=\count302
\labelnumberwidth=\skip74
\labelalphawidth=\skip75
\biblabelsep=\skip76
\bibitemsep=\skip77
\bibnamesep=\skip78
\bibinitsep=\skip79
\bibparsep=\skip80
\bibhang=\skip81
\blx@bcfin=\read2
\blx@bcfout=\write5
\c@mincomprange=\count303
\c@maxcomprange=\count304
\c@mincompwidth=\count305
Package biblatex Info: Trying to load biblatex default data model...
Package biblatex Info: ... file 'blx-dm.def' found.

(/usr/local/texlive/2016/texmf-dist/tex/latex/biblatex/blx-dm.def)
Package biblatex Info: Trying to load biblatex style data model...
Package biblatex Info: ... file 'apa.dbx' found.

(/usr/local/texlive/2016/texmf-dist/tex/latex/biblatex-apa/apa.dbx
File: apa.dbx 2016/05/13 v6.9 APA biblatex style data model
)
Package biblatex Info: Trying to load biblatex custom data model...
Package biblatex Info: ... file 'biblatex-dm.cfg' not found.
\c@afterword=\count306
\c@savedafterword=\count307
\c@annotator=\count308
\c@savedannotator=\count309
\c@author=\count310
\c@savedauthor=\count311
\c@bookauthor=\count312
\c@savedbookauthor=\count313
\c@commentator=\count314
\c@savedcommentator=\count315
\c@editor=\count316
\c@savededitor=\count317
\c@editora=\count318
\c@savededitora=\count319
\c@editorb=\count320
\c@savededitorb=\count321
\c@editorc=\count322
\c@savededitorc=\count323
\c@foreword=\count324
\c@savedforeword=\count325
\c@holder=\count326
\c@savedholder=\count327
\c@introduction=\count328
\c@savedintroduction=\count329
\c@namea=\count330
\c@savednamea=\count331
\c@nameb=\count332
\c@savednameb=\count333
\c@namec=\count334
\c@savednamec=\count335
\c@translator=\count336
\c@savedtranslator=\count337
\c@shortauthor=\count338
\c@savedshortauthor=\count339
\c@shorteditor=\count340
\c@savedshorteditor=\count341
\c@with=\count342
\c@savedwith=\count343
\c@writer=\count344
\c@savedwriter=\count345
\c@producer=\count346
\c@savedproducer=\count347
\c@execproducer=\count348
\c@savedexecproducer=\count349
\c@director=\count350
\c@saveddirector=\count351
\c@labelname=\count352
\c@savedlabelname=\count353
\c@institution=\count354
\c@savedinstitution=\count355
\c@lista=\count356
\c@savedlista=\count357
\c@listb=\count358
\c@savedlistb=\count359
\c@listc=\count360
\c@savedlistc=\count361
\c@listd=\count362
\c@savedlistd=\count363
\c@liste=\count364
\c@savedliste=\count365
\c@listf=\count366
\c@savedlistf=\count367
\c@location=\count368
\c@savedlocation=\count369
\c@organization=\count370
\c@savedorganization=\count371
\c@origlocation=\count372
\c@savedoriglocation=\count373
\c@origpublisher=\count374
\c@savedorigpublisher=\count375
\c@publisher=\count376
\c@savedpublisher=\count377
\c@language=\count378
\c@savedlanguage=\count379
\c@pageref=\count380
\c@savedpageref=\count381
\shorthandwidth=\skip82
\shortjournalwidth=\skip83
\shortserieswidth=\skip84
\shorttitlewidth=\skip85
\shortauthorwidth=\skip86
\shorteditorwidth=\skip87
Package biblatex Info: Trying to load compatibility code...
Package biblatex Info: ... file 'blx-compat.def' found.

(/usr/local/texlive/2016/texmf-dist/tex/latex/biblatex/blx-compat.def
File: blx-compat.def 2016/05/14 v3.4 biblatex compatibility (PK/JW/AB)
)
Package biblatex Info: Trying to load generic definitions...
Package biblatex Info: ... file 'biblatex.def' found.

(/usr/local/texlive/2016/texmf-dist/tex/latex/biblatex/biblatex.def
File: biblatex.def 2016/05/14 v3.4 biblatex compatibility (PK/JW/AB)
\c@textcitecount=\count382
\c@textcitetotal=\count383
\c@textcitemaxnames=\count384
\c@biburlnumpenalty=\count385
\c@biburlucpenalty=\count386
\c@biburllcpenalty=\count387
\c@smartand=\count388
)
Package biblatex Info: Trying to load bibliography style 'apa'...
Package biblatex Info: ... file 'apa.bbx' found.

(/usr/local/texlive/2016/texmf-dist/tex/latex/biblatex-apa/apa.bbx
File: apa.bbx 2016/05/13 v6.9 APA biblatex references style
Package biblatex Info: Trying to load bibliography style 'standard'...
Package biblatex Info: ... file 'standard.bbx' found.

(/usr/local/texlive/2016/texmf-dist/tex/latex/biblatex/bbx/standard.bbx
File: standard.bbx 2016/05/14 v3.4 biblatex bibliography style (PK/JW/AB)
\c@bbx:relatedcount=\count389
\c@bbx:relatedtotal=\count390
))
Package biblatex Info: Trying to load citation style 'apa'...
Package biblatex Info: ... file 'apa.cbx' found.

(/usr/local/texlive/2016/texmf-dist/tex/latex/biblatex-apa/apa.cbx
File: apa.cbx 2016/05/13 v6.9 APA biblatex citation style
Package biblatex Info: Redefining '\parencite'.
Package biblatex Info: Redefining '\fullcite'.
Package biblatex Info: Redefining '\citeyear'.
Package biblatex Info: Redefining '\cite'.
Package biblatex Info: Redefining '\footcite'.
Package biblatex Info: Redefining '\textcites'.
Package biblatex Info: Redefining '\textcite'.
Package biblatex Info: Redefining '\citeauthor'.
)
Package biblatex Info: Trying to load configuration file...
Package biblatex Info: ... file 'biblatex.cfg' found.

(/usr/local/texlive/2016/texmf-dist/tex/latex/biblatex/biblatex.cfg
File: biblatex.cfg 
))
\drop=\skip88

(/usr/local/texlive/2016/texmf-dist/tex/latex/titlesec/ttlkeys.def
File: ttlkeys.def 2016/03/15
)

! Package biblatex Error: Incompatible package 'ucs'.

See the biblatex package documentation for explanation.
Type  H <return>  for immediate help.
 ...                                              
                                                  
l.63 \begin{document}
                     
? 
Package biblatex Info: Trying to load language 'american' -> 'american-apa'...
Package biblatex Info: ... file 'american-apa.lbx' found.
(/usr/local/texlive/2016/texmf-dist/tex/latex/biblatex-apa/american-apa.lbx
File: american-apa.lbx 2016/05/13 v6.9 APA biblatex localisation
Package biblatex Info: Trying to load language 'american'...
Package biblatex Info: ... file 'american.lbx' found.

(/usr/local/texlive/2016/texmf-dist/tex/latex/biblatex/lbx/american.lbx
File: american.lbx 2016/05/14 v3.4 biblatex localization (PK/JW/AB)
Package biblatex Info: Trying to load language 'english'...
Package biblatex Info: ... file 'english.lbx' found.

(/usr/local/texlive/2016/texmf-dist/tex/latex/biblatex/lbx/english.lbx
File: english.lbx 2016/05/14 v3.4 biblatex localization (PK/JW/AB)
)))

Package biblatex Warning: 'babel/polyglossia' detected but 'csquotes' missing.
(biblatex)                Loading 'csquotes' recommended.

\@quotelevel=\count391
\@quotereset=\count392
No file main.aux.
\openout1 = `main.aux'.

LaTeX Font Info:    Checking defaults for OML/cmm/m/it on input line 63.
LaTeX Font Info:    ... okay on input line 63.
LaTeX Font Info:    Checking defaults for T1/cmr/m/n on input line 63.
LaTeX Font Info:    ... okay on input line 63.
LaTeX Font Info:    Checking defaults for OT1/cmr/m/n on input line 63.
LaTeX Font Info:    ... okay on input line 63.
LaTeX Font Info:    Checking defaults for OMS/cmsy/m/n on input line 63.
LaTeX Font Info:    ... okay on input line 63.
LaTeX Font Info:    Checking defaults for OMX/cmex/m/n on input line 63.
LaTeX Font Info:    ... okay on input line 63.
LaTeX Font Info:    Checking defaults for U/cmr/m/n on input line 63.
LaTeX Font Info:    ... okay on input line 63.
LaTeX Font Info:    Checking defaults for PD1/pdf/m/n on input line 63.
LaTeX Font Info:    ... okay on input line 63.
LaTeX Font Info:    Try loading font information for OT1+lmr on input line 63.
(/usr/local/texlive/2016/texmf-dist/tex/latex/lm/ot1lmr.fd
File: ot1lmr.fd 2009/10/30 v1.6 Font defs for Latin Modern
)
*geometry* driver: auto-detecting
*geometry* detected driver: pdftex
*geometry* verbose mode - [ preamble ] result:
* driver: pdftex
* paper: <default>
* layout: <same size as paper>
* layoutoffset:(h,v)=(0.0pt,0.0pt)
* modes: 
* h-part:(L,W,R)=(92.14519pt, 430.00462pt, 92.14519pt)
* v-part:(T,H,B)=(95.39737pt, 556.47656pt, 143.09605pt)
* \paperwidth=614.295pt
* \paperheight=794.96999pt
* \textwidth=430.00462pt
* \textheight=556.47656pt
* \oddsidemargin=19.8752pt
* \evensidemargin=19.8752pt
* \topmargin=-6.94011pt
* \headheight=12.0pt
* \headsep=18.06749pt
* \topskip=10.0pt
* \footskip=25.29494pt
* \marginparwidth=69.0pt
* \marginparsep=7.0pt
* \columnsep=10.0pt
* \skip\footins=9.0pt plus 4.0pt minus 2.0pt
* \hoffset=0.0pt
* \voffset=0.0pt
* \mag=1000
* \@twocolumnfalse
* \@twosidefalse
* \@mparswitchfalse
* \@reversemarginfalse
* (1in=72.27pt=25.4mm, 1cm=28.453pt)

(/usr/local/texlive/2016/texmf-dist/tex/latex/ucs/ucsencs.def
File: ucsencs.def 2011/01/21 Fixes to fontencodings LGR, T3
)
(/usr/local/texlive/2016/texmf-dist/tex/context/base/mkii/supp-pdf.mkii
[Loading MPS to PDF converter (version 2006.09.02).]
\scratchcounter=\count393
\scratchdimen=\dimen266
\scratchbox=\box54
\nofMPsegments=\count394
\nofMParguments=\count395
\everyMPshowfont=\toks49
\MPscratchCnt=\count396
\MPscratchDim=\dimen267
\MPnumerator=\count397
\makeMPintoPDFobject=\count398
\everyMPtoPDFconversion=\toks50
) (/usr/local/texlive/2016/texmf-dist/tex/latex/oberdiek/epstopdf-base.sty
Package: epstopdf-base 2016/05/15 v2.6 Base part for package epstopdf

(/usr/local/texlive/2016/texmf-dist/tex/latex/oberdiek/grfext.sty
Package: grfext 2016/05/16 v1.2 Manage graphics extensions (HO)
)
Package grfext Info: Graphics extension search list:
(grfext)             [.png,.pdf,.jpg,.mps,.jpeg,.jbig2,.jb2,.PNG,.PDF,.JPG,.JPE
G,.JBIG2,.JB2,.eps]
(grfext)             \AppendGraphicsExtensions on input line 456.

(/usr/local/texlive/2016/texmf-dist/tex/latex/latexconfig/epstopdf-sys.cfg
File: epstopdf-sys.cfg 2010/07/13 v1.3 Configuration of (r)epstopdf for TeX Liv
e
))
ABD: EveryShipout initializing macros

Package pgfplots Warning: running in backwards compatibility mode (unsuitable t
ick labels; missing features). Consider writing \pgfplotsset{compat=1.13} into 
your preamble.
 on input line 63.

\AtBeginShipoutBox=\box55
Package hyperref Info: Link coloring OFF on input line 63.
(/usr/local/texlive/2016/texmf-dist/tex/latex/hyperref/nameref.sty
Package: nameref 2012/10/27 v2.43 Cross-referencing by name of section

(/usr/local/texlive/2016/texmf-dist/tex/generic/oberdiek/gettitlestring.sty
Package: gettitlestring 2016/05/16 v1.5 Cleanup title references (HO)
)
\c@section@level=\count399
)
LaTeX Info: Redefining \ref on input line 63.
LaTeX Info: Redefining \pageref on input line 63.
LaTeX Info: Redefining \nameref on input line 63.
\@outlinefile=\write6
\openout6 = `main.out'.

Package caption Info: Begin \AtBeginDocument code.
Package caption Info: End \AtBeginDocument code.
Package biblatex Info: Input encoding 'utf8' detected.
Package biblatex Info: Automatic encoding selection.
(biblatex)             Assuming data encoding 'utf8'.
\openout5 = `main.bcf'.

Package biblatex Info: Trying to load bibliographic data...
Package biblatex Info: ... file 'main.bbl' not found.

No file main.bbl.
Package biblatex Info: Reference section=0 on input line 63.
Package biblatex Info: Reference segment=0 on input line 63.
(./chapters/titlepage.tex
\inputwidth=\skip89
 ( FP-EVAL ( FP-UPN ( FP-SUB ) ( FP-MUL ) ( FP-DIV )
( FP-CLIP ) ) ) ( FP-EVAL ( FP-UPN ( FP-SUB ) ( FP-MUL ) ( FP-DIV ) ( FP-CLIP
) ) ) ( FP-EVAL ( FP-UPN ( FP-SUB ) ( FP-MUL ) ( FP-DIV ) ( FP-CLIP ) ) )
( FP-EVAL ( FP-UPN ( FP-SUB ) ( FP-MUL ) ( FP-DIV ) ( FP-CLIP ) ) )

LaTeX Font Warning: Font shape `OT1/lmr/m/scit' undefined
(Font)              using `OT1/lmr/m/n' instead on input line 39.

LaTeX Font Info:    Try loading font information for OML+lmm on input line 42.
(/usr/local/texlive/2016/texmf-dist/tex/latex/lm/omllmm.fd
File: omllmm.fd 2009/10/30 v1.6 Font defs for Latin Modern
)
LaTeX Font Info:    Try loading font information for OMS+lmsy on input line 42.


(/usr/local/texlive/2016/texmf-dist/tex/latex/lm/omslmsy.fd
File: omslmsy.fd 2009/10/30 v1.6 Font defs for Latin Modern
)
LaTeX Font Info:    Try loading font information for OMX+lmex on input line 42.


(/usr/local/texlive/2016/texmf-dist/tex/latex/lm/omxlmex.fd
File: omxlmex.fd 2009/10/30 v1.6 Font defs for Latin Modern
)
LaTeX Font Info:    External font `lmex10' loaded for size
(Font)              <14.4> on input line 42.
LaTeX Font Info:    External font `lmex10' loaded for size
(Font)              <10> on input line 42.
LaTeX Font Info:    External font `lmex10' loaded for size
(Font)              <7> on input line 42.
LaTeX Font Info:    Try loading font information for OMS+lmr on input line 44.

(/usr/local/texlive/2016/texmf-dist/tex/latex/lm/omslmr.fd
File: omslmr.fd 2009/10/30 v1.6 Font defs for Latin Modern
)
LaTeX Font Info:    Font shape `OMS/lmr/m/sc' in size <10> not available
(Font)              Font shape `OMS/lmsy/m/n' tried instead on input line 44.

<chapters/RUGlogo.png, id=7, 252.19218pt x 399.74344pt>
File: chapters/RUGlogo.png Graphic file (type png)

<use chapters/RUGlogo.png>
Package pdftex.def Info: chapters/RUGlogo.png used on input line 56.
(pdftex.def)             Requested size: 85.9996pt x 136.31354pt.
LaTeX Font Info:    External font `lmex10' loaded for size
(Font)              <12> on input line 56.
LaTeX Font Info:    External font `lmex10' loaded for size
(Font)              <8> on input line 56.
LaTeX Font Info:    External font `lmex10' loaded for size
(Font)              <6> on input line 56.
LaTeX Font Info:    Font shape `OMS/lmr/m/sc' in size <8> not available
(Font)              Font shape `OMS/lmsy/m/n' tried instead on input line 63.

(/usr/local/texlive/2016/texmf-dist/tex/latex/ucs/data/uni-0.def
File: uni-0.def 2013/05/13 UCS: Unicode data U+0000..U+00FF
)
<chapters/SBlogo.png, id=9, 583.61433pt x 654.52075pt>
File: chapters/SBlogo.png Graphic file (type png)

<use chapters/SBlogo.png>
Package pdftex.def Info: chapters/SBlogo.png used on input line 64.
(pdftex.def)             Requested size: 85.9996pt x 96.44609pt.
 [1



{/usr/local/texlive/2016/texmf-var/fonts/map/pdftex/updmap/pdftex.map} <./chapt
ers/RUGlogo.png> <./chapters/SBlogo.png>]pdfTeX warning (ext4): destination wit
h the same identifier (name{page.i}) has been already used, duplicate ignored
<to be read again> 
                   \relax 
l.70 ...page\thispagestyle{empty}\mbox{}\clearpage
                                                   [1

])
*geometry* verbose mode - [ newgeometry ] result:
* driver: pdftex
* paper: <default>
* layout: <same size as paper>
* layoutoffset:(h,v)=(0.0pt,0.0pt)
* modes: 
* h-part:(L,W,R)=(144.54pt, 325.21501pt, 144.54pt)
* v-part:(T,H,B)=(144.54pt, 505.89pt, 144.54pt)
* \paperwidth=614.295pt
* \paperheight=794.96999pt
* \textwidth=325.21501pt
* \textheight=505.89pt
* \oddsidemargin=72.27pt
* \evensidemargin=72.27pt
* \topmargin=42.20251pt
* \headheight=12.0pt
* \headsep=18.06749pt
* \topskip=10.0pt
* \footskip=25.29494pt
* \marginparwidth=69.0pt
* \marginparsep=7.0pt
* \columnsep=10.0pt
* \skip\footins=9.0pt plus 4.0pt minus 2.0pt
* \hoffset=0.0pt
* \voffset=0.0pt
* \mag=1000
* \@twocolumnfalse
* \@twosidefalse
* \@mparswitchfalse
* \@reversemarginfalse
* (1in=72.27pt=25.4mm, 1cm=28.453pt)


(./chapters/signature.tex
LaTeX Font Info:    External font `lmex10' loaded for size
(Font)              <5> on input line 11.
) (./chapters/abstract.tex [2


])
(./chapters/acknowledgement.tex [3

]) [4

]
\tf@toc=\write7
\openout7 = `main.toc'.

 [5


] (./chapters/intro.tex
Chapter 1.
LaTeX Font Info:    Font shape `OMS/lmr/m/n' in size <10> not available
(Font)              Font shape `OMS/lmsy/m/n' tried instead on input line 4.
) (./chapters/background.tex [1


]
Chapter 2.

LaTeX Warning: Citation 'cavnar1994n' on page 2 undefined on input line 24.


LaTeX Warning: Citation 'dunning1994statistical' on page 2 undefined on input l
ine 24.


LaTeX Warning: Citation 'cavnar1994n' on page 2 undefined on input line 47.


LaTeX Warning: Citation 'dunning1994statistical' on page 2 undefined on input l
ine 47.


Overfull \hbox (39.55275pt too wide) in paragraph at lines 47--48
\OT1/lmr/m/n/10 years. From early on, dif-fer-ent so-lu-tions showed very high 
re-sults ([]; []),
 []

[2

]

LaTeX Warning: Citation 'vardial2017report' on page 3 undefined on input line 4
9.

LaTeX Font Info:    Try loading font information for OT1+lmtt on input line 51.

(/usr/local/texlive/2016/texmf-dist/tex/latex/lm/ot1lmtt.fd
File: ot1lmtt.fd 2009/10/30 v1.6 Font defs for Latin Modern
)

LaTeX Warning: Citation 'lui2012langid' on page 3 undefined on input line 51.


LaTeX Warning: Citation 'kocmi2017lanidenn' on page 3 undefined on input line 5
1.


LaTeX Warning: Citation 'brown2013selecting' on page 3 undefined on input line 
51.


Overfull \hbox (15.04338pt too wide) in paragraph at lines 51--52
[]\OT1/lmr/m/n/10 The most pop-u-lar of the more re-cent sys-tems, such as \OT1
/lmtt/m/n/10 langid.py \OT1/lmr/m/n/10 ([]) and CLD/CLD2[][][]
 []


LaTeX Warning: Reference `method' on page 3 undefined on input line 55.


LaTeX Warning: Reference `results' on page 3 undefined on input line 55.


LaTeX Warning: Reference `discussion' on page 3 undefined on input line 55.


LaTeX Warning: Reference `conclusion' on page 3 undefined on input line 55.


LaTeX Warning: Citation 'tiedemann-ljubesic:2012:COLING' on page 3 undefined on
 input line 84.


LaTeX Warning: Citation 'lui2013classifying' on page 3 undefined on input line 
84.


LaTeX Warning: Citation 'maier2014language' on page 3 undefined on input line 8
4.


LaTeX Warning: Citation 'ljubesic2015discriminating' on page 3 undefined on inp
ut line 84.


Overfull \hbox (112.1719pt too wide) in paragraph at lines 84--85
[]\OT1/lmr/m/n/10 Even though a num-ber of re-searches in di-alect iden-ti-fi-c
a-tion have been con-ducted, ([];
 []


LaTeX Warning: Citation 'carter2011semi' on page 3 undefined on input line 86.


LaTeX Warning: Citation 'ng2011improving' on page 3 undefined on input line 86.



LaTeX Warning: Citation 'zampieri2012automatic' on page 3 undefined on input li
ne 86.


LaTeX Warning: Citation 'milne2012study' on page 3 undefined on input line 86.


LaTeX Warning: Citation 'vogel2012robust' on page 3 undefined on input line 86.



LaTeX Warning: Citation 'goldszmidt2013boot' on page 3 undefined on input line 
86.


LaTeX Warning: Citation 'goutte-leger:2015:LT4VarDial' on page 3 undefined on i
nput line 86.


LaTeX Warning: Citation 'malmasi-dras:2015:LT4VarDial' on page 3 undefined on i
nput line 86.


LaTeX Warning: Citation 'ccoltekin-rama:2016:VarDial3' on page 3 undefined on i
nput line 86.


Overfull \hbox (74.9336pt too wide) in paragraph at lines 86--87
\OT1/lmr/m/n/10 top sys-tems from pre-vi-ous DSL shared tasks ([]; [];
 []


LaTeX Warning: Citation 'zampieri:2014:VarDial' on page 3 undefined on input li
ne 88.


LaTeX Warning: Citation 'zampieri:2015:LT4VarDial' on page 3 undefined on input
 line 88.


LaTeX Warning: Citation 'dslrec:2016' on page 3 undefined on input line 88.


LaTeX Warning: Citation 'ccoltekin-rama:2016:VarDial3' on page 3 undefined on i
nput line 88.


Overfull \hbox (44.45924pt too wide) in paragraph at lines 88--89
[]\OT1/lmr/m/n/10 The overviews of the pre-vi-ous DSL shared tasks ([]; [];
 []


LaTeX Warning: Citation 'tian2003scalable' on page 3 undefined on input line 90
.


LaTeX Warning: Citation 'takcci2012minimal' on page 3 undefined on input line 9
0.


LaTeX Warning: Citation 'simoes2014language' on page 3 undefined on input line 
90.


LaTeX Warning: Citation 'bjerva:2016:VarDial3' on page 3 undefined on input lin
e 90.


LaTeX Warning: Citation 'cianflone-kosseim:2016:VarDial3' on page 3 undefined o
n input line 90.


LaTeX Warning: Citation 'ccoltekin-rama:2016:VarDial3' on page 3 undefined on i
nput line 90.


LaTeX Warning: Citation 'dsl2016' on page 3 undefined on input line 90.


LaTeX Warning: Citation 'tiedemann-ljubesic:2012:COLING' on page 3 undefined on
 input line 133.


LaTeX Warning: Citation 'lui2013classifying' on page 3 undefined on input line 
133.


LaTeX Warning: Citation 'maier2014language' on page 3 undefined on input line 1
33.


LaTeX Warning: Citation 'ljubesic2015discriminating' on page 3 undefined on inp
ut line 133.


Overfull \hbox (97.1719pt too wide) in paragraph at lines 133--134
\OT1/lmr/m/n/10 Even though a num-ber of re-searches in di-alect iden-ti-fi-ca-
tion have been con-ducted, ([];
 []

[3]

LaTeX Warning: Citation 'carter2011semi' on page 4 undefined on input line 135.



LaTeX Warning: Citation 'ng2011improving' on page 4 undefined on input line 135
.


LaTeX Warning: Citation 'zampieri2012automatic' on page 4 undefined on input li
ne 135.


LaTeX Warning: Citation 'milne2012study' on page 4 undefined on input line 135.



LaTeX Warning: Citation 'vogel2012robust' on page 4 undefined on input line 135
.


LaTeX Warning: Citation 'goldszmidt2013boot' on page 4 undefined on input line 
135.


LaTeX Warning: Citation 'goutte-leger:2015:LT4VarDial' on page 4 undefined on i
nput line 135.


LaTeX Warning: Citation 'malmasi-dras:2015:LT4VarDial' on page 4 undefined on i
nput line 135.


LaTeX Warning: Citation 'ccoltekin-rama:2016:VarDial3' on page 4 undefined on i
nput line 135.


Overfull \hbox (74.9336pt too wide) in paragraph at lines 135--136
\OT1/lmr/m/n/10 top sys-tems from pre-vi-ous DSL shared tasks ([]; [];
 []


LaTeX Warning: Citation 'zampieri:2014:VarDial' on page 4 undefined on input li
ne 137.


LaTeX Warning: Citation 'zampieri:2015:LT4VarDial' on page 4 undefined on input
 line 137.


LaTeX Warning: Citation 'dslrec:2016' on page 4 undefined on input line 137.


LaTeX Warning: Citation 'ccoltekin-rama:2016:VarDial3' on page 4 undefined on i
nput line 137.


Overfull \hbox (44.45924pt too wide) in paragraph at lines 137--138
[]\OT1/lmr/m/n/10 The overviews of the pre-vi-ous DSL shared tasks ([]; [];
 []


LaTeX Warning: Citation 'tian2003scalable' on page 4 undefined on input line 13
9.


LaTeX Warning: Citation 'takcci2012minimal' on page 4 undefined on input line 1
39.


LaTeX Warning: Citation 'simoes2014language' on page 4 undefined on input line 
139.


LaTeX Warning: Citation 'bjerva:2016:VarDial3' on page 4 undefined on input lin
e 139.


LaTeX Warning: Citation 'cianflone-kosseim:2016:VarDial3' on page 4 undefined o
n input line 139.


LaTeX Warning: Citation 'ccoltekin-rama:2016:VarDial3' on page 4 undefined on i
nput line 139.


LaTeX Warning: Citation 'dsl2016' on page 4 undefined on input line 139.


LaTeX Warning: Citation 'nguyen2013word' on page 4 undefined on input line 172.



LaTeX Warning: Citation 'maharjan2015developing' on page 4 undefined on input l
ine 172.

[4]

LaTeX Warning: Citation 'vrl2014accurate' on page 5 undefined on input line 184
.


LaTeX Warning: Citation 'maharjan2015developing' on page 5 undefined on input l
ine 184.


LaTeX Warning: Citation 'vrl2010multilingual' on page 5 undefined on input line
 184.


Overfull \hbox (32.60782pt too wide) in paragraph at lines 184--185
\OT1/lmr/m/n/10 ([]), code-switching twit-ter cor-pora ([]; []),
 []


LaTeX Warning: Citation 'lewis2009ethnologue' on page 5 undefined on input line
 186.


LaTeX Warning: Citation 'lui2012langid' on page 5 undefined on input line 193.


LaTeX Warning: Citation 'brown2013selecting' on page 5 undefined on input line 
193.


LaTeX Warning: Citation 'majlivs2012yet' on page 5 undefined on input line 193.



LaTeX Warning: Citation 'cavnar1994n' on page 5 undefined on input line 193.


LaTeX Warning: Citation 'goldszmidt2013boot' on page 5 undefined on input line 
193.


Overfull \hbox (27.12917pt too wide) in paragraph at lines 193--194
\OT1/lmr/m/n/10 ([]), what-lang ([]), YALI ([]), TextCat ([]),
 []

) (./chapters/data.tex [5] [6]
Chapter 3.
Package hyperref Info: bookmark level for unknown todo defaults to 0 on input l
ine 3.

LaTeX Warning: Citation 'lewis2009ethnologue' on page 7 undefined on input line
 5.


Overfull \hbox (69.4559pt too wide) in paragraph at lines 5--6
[]\OT1/lmr/m/n/10 There are 93 in-dige-nous mi-nor-ity lan-guages spo-ken in Ru
s-sia ac-cord-ing to Eth-no-logue (([]);
 []

[7

]

LaTeX Warning: Citation 'clif' on page 8 undefined on input line 33.

[8]

LaTeX Warning: Marginpar on page 9 moved.


LaTeX Warning: Marginpar on page 9 moved.

[9]
Underfull \hbox (badness 10000) in paragraph at lines 108--108
[]\OT1/lmr/m/n/10 native
 []


Overfull \hbox (15.0242pt too wide) in paragraph at lines 53--109
[][] 
 []

[10] <language_map_russia.png, id=149, 4004.9625pt x 6600.66pt>
File: language_map_russia.png Graphic file (type png)

<use language_map_russia.png>
Package pdftex.def Info: language_map_russia.png used on input line 112.
(pdftex.def)             Requested size: 387.00153pt x 637.74532pt.
 [11]
Overfull \vbox (81.26875pt too high) has occurred while \output is active []


[12 <./language_map_russia.png>]) (./chapters/methods.tex
Chapter 4.
) (./chapters/results.tex [13

]
Chapter 5.
) (./chapters/conclusion.tex [14

]
Chapter 6.
)
Underfull \hbox (badness 10000) in paragraph at lines 3--86

 []


LaTeX Warning: Empty bibliography on input line 88.

[15

]
Package atveryend Info: Empty hook `BeforeClearDocument' on input line 95.
Package atveryend Info: Empty hook `AfterLastShipout' on input line 95.
 (./main.aux)
Package atveryend Info: Executing hook `AtVeryEndDocument' on input line 95.
Package atveryend Info: Executing hook `AtEndAfterFileList' on input line 95.


Package rerunfilecheck Warning: File `main.out' has changed.
(rerunfilecheck)                Rerun to get outlines right
(rerunfilecheck)                or use package `bookmark'.

Package rerunfilecheck Info: Checksums for `main.out':
(rerunfilecheck)             Before: <no file>
(rerunfilecheck)             After:  9DE3B9849A9A32713A7F7FF694C7FECF;986.

LaTeX Font Warning: Some font shapes were not available, defaults substituted.


LaTeX Warning: There were undefined references.


LaTeX Warning: Label(s) may have changed. Rerun to get cross-references right.


Package biblatex Warning: Please (re)run Biber on the file:
(biblatex)                main
(biblatex)                and rerun LaTeX afterwards.

Package logreq Info: Writing requests to 'main.run.xml'.
\openout1 = `main.run.xml'.

Package atveryend Info: Empty hook `AtVeryVeryEnd' on input line 95.
 )
(\end occurred inside a group at level 1)

### simple group (level 1) entered at line 1061 ({)
### bottom level 
Here is how much of TeX's memory you used:
 37280 strings out of 493014
 818386 string characters out of 6133350
 1485714 words of memory out of 5000000
 40088 multiletter control sequences out of 15000+600000
 69804 words of font info for 51 fonts, out of 8000000 for 9000
 1141 hyphenation exceptions out of 8191
 62i,11n,80p,1608b,15893s stack positions out of 5000i,500n,10000p,200000b,80000s
{/usr/local/texlive/2016/texmf-dist/fonts/enc/dvips/lm/lm-rmtt.
enc}{/usr/local/texlive/2016/texmf-dist/fonts/enc/dvips/lm/lm-rm.enc}{/usr/loca
l/texlive/2016/texmf-dist/fonts/enc/dvips/lm/lm-mathit.enc}{/usr/local/texlive/
2016/texmf-dist/fonts/enc/dvips/lm/lm-mathsy.enc}{/usr/local/texlive/2016/texmf
-dist/fonts/enc/dvips/lm/lm-rmsc.enc}</usr/local/texlive/2016/texmf-dist/fonts/
type1/public/lm/lmbx10.pfb></usr/local/texlive/2016/texmf-dist/fonts/type1/publ
ic/lm/lmbx12.pfb></usr/local/texlive/2016/texmf-dist/fonts/type1/public/lm/lmcs
c10.pfb></usr/local/texlive/2016/texmf-dist/fonts/type1/public/lm/lmmi10.pfb></
usr/local/texlive/2016/texmf-dist/fonts/type1/public/lm/lmr10.pfb></usr/local/t
exlive/2016/texmf-dist/fonts/type1/public/lm/lmr17.pfb></usr/local/texlive/2016
/texmf-dist/fonts/type1/public/lm/lmr6.pfb></usr/local/texlive/2016/texmf-dist/
fonts/type1/public/lm/lmr7.pfb></usr/local/texlive/2016/texmf-dist/fonts/type1/
public/lm/lmr8.pfb></usr/local/texlive/2016/texmf-dist/fonts/type1/public/lm/lm
ri10.pfb></usr/local/texlive/2016/texmf-dist/fonts/type1/public/lm/lmri8.pfb></
usr/local/texlive/2016/texmf-dist/fonts/type1/public/lm/lmro10.pfb></usr/local/
texlive/2016/texmf-dist/fonts/type1/public/lm/lmsy10.pfb></usr/local/texlive/20
16/texmf-dist/fonts/type1/public/lm/lmsy8.pfb></usr/local/texlive/2016/texmf-di
st/fonts/type1/public/lm/lmtt10.pfb></usr/local/texlive/2016/texmf-dist/fonts/t
ype1/public/lm/lmtt8.pfb>
Output written on main.pdf (21 pages, 1286492 bytes).
PDF statistics:
 247 PDF objects out of 1000 (max. 8388607)
 200 compressed objects within 2 object streams
 63 named destinations out of 1000 (max. 500000)
 28 words of extra memory for PDF output out of 10000 (max. 10000000)

